<?xml version="1.0" encoding="UTF-8"?>
<robot generator="Robot 5.0 (Python 3.10.4 on win32)" generated="20220512 11:09:36.318" rpa="false" schemaversion="3">
<suite id="s1" name="Verify Contactus" source="D:\pythonProject1\Contactus_suite\verify_contactus.robot">
<test id="s1-t1" name="Contact Us Test" line="9">
<kw name="Launch Browser" library="CommonFunctionality" type="SETUP">
<kw name="Append To Environment Variable" library="OperatingSystem">
<arg>Path</arg>
<arg>${EXECDIR}${/}driver</arg>
<doc>Appends given ``values`` to environment variable ``name``.</doc>
<msg timestamp="20220512 11:09:36.787" level="INFO">Environment variable 'Path' set to value 'C:\Program Files\Common Files\Oracle\Java\javapath;C:\Windows\system32;C:\Windows;C:\Windows\System32\Wbem;C:\Windows\System32\WindowsPowerShell\v1.0\;C:\Windows\System32\OpenSSH\;C:\Program Files\dotnet\;C:\msys64\mingw64\bin;C;C;C:\Program Files\Git\cmd;C:\Users\pavan\AppData\Local\Programs\Python\Python310\Scripts\;C:\Users\pavan\AppData\Local\Programs\Python\Python310\;C:\Users\pavan\AppData\Local\Microsoft\WindowsApps;C:\Users\pavan\AppData\Local\Programs\Microsoft VS Code\bin;C:\msys64\mingw64\bin;;D:\pythonProject1\driver'.</msg>
<status status="PASS" starttime="20220512 11:09:36.787" endtime="20220512 11:09:36.787"/>
</kw>
<kw name="Open Browser" library="SeleniumLibrary">
<arg>browser=${BROWSER}</arg>
<doc>Opens a new browser instance to the optional ``url``.</doc>
<msg timestamp="20220512 11:09:36.803" level="INFO">Opening browser 'chrome' to base url 'None'.</msg>
<status status="PASS" starttime="20220512 11:09:36.803" endtime="20220512 11:09:38.953"/>
</kw>
<kw name="Maximize Browser Window" library="SeleniumLibrary">
<doc>Maximizes current browser window.</doc>
<status status="PASS" starttime="20220512 11:09:38.953" endtime="20220512 11:09:39.247"/>
</kw>
<kw name="Set Selenium Implicit Wait" library="SeleniumLibrary">
<arg>30s</arg>
<doc>Sets the implicit wait value used by Selenium.</doc>
<status status="PASS" starttime="20220512 11:09:39.248" endtime="20220512 11:09:39.251"/>
</kw>
<kw name="Set Screenshot Directory" library="SeleniumLibrary">
<arg>${EXECDIR}${/}screanshots</arg>
<doc>Sets the directory for captured screenshots.</doc>
<status status="PASS" starttime="20220512 11:09:39.252" endtime="20220512 11:09:39.253"/>
</kw>
<kw name="Go To" library="SeleniumLibrary">
<arg>url=${URL}</arg>
<doc>Navigates the current browser window to the provided ``url``.</doc>
<msg timestamp="20220512 11:09:39.255" level="INFO">Opening url 'https://signoraware.com/'</msg>
<status status="PASS" starttime="20220512 11:09:39.254" endtime="20220512 11:09:45.407"/>
</kw>
<status status="PASS" starttime="20220512 11:09:36.787" endtime="20220512 11:09:45.408"/>
</kw>
<kw name="Valid Login" library="CommonFunctionality">
<kw name="Click Element" library="SeleniumLibrary">
<arg>xpath=//a[text()='Sign In']</arg>
<doc>Click the element identified by ``locator``.</doc>
<msg timestamp="20220512 11:09:45.414" level="INFO">Clicking element 'xpath=//a[text()='Sign In']'.</msg>
<status status="PASS" starttime="20220512 11:09:45.413" endtime="20220512 11:09:47.480"/>
</kw>
<kw name="Input Text" library="SeleniumLibrary">
<arg>id=email</arg>
<arg>masil22830@abincol.com</arg>
<doc>Types the given ``text`` into the text field identified by ``locator``.</doc>
<msg timestamp="20220512 11:09:47.482" level="INFO">Typing text 'masil22830@abincol.com' into text field 'id=email'.</msg>
<status status="PASS" starttime="20220512 11:09:47.481" endtime="20220512 11:09:47.918"/>
</kw>
<kw name="Input Text" library="SeleniumLibrary">
<arg>id=pass</arg>
<arg>147852369@Aa</arg>
<doc>Types the given ``text`` into the text field identified by ``locator``.</doc>
<msg timestamp="20220512 11:09:47.919" level="INFO">Typing text '147852369@Aa' into text field 'id=pass'.</msg>
<status status="PASS" starttime="20220512 11:09:47.918" endtime="20220512 11:09:48.088"/>
</kw>
<kw name="Click Element" library="SeleniumLibrary">
<arg>id=send2</arg>
<doc>Click the element identified by ``locator``.</doc>
<msg timestamp="20220512 11:09:48.088" level="INFO">Clicking element 'id=send2'.</msg>
<status status="PASS" starttime="20220512 11:09:48.088" endtime="20220512 11:09:50.224"/>
</kw>
<status status="PASS" starttime="20220512 11:09:45.410" endtime="20220512 11:09:50.225"/>
</kw>
<kw name="Click Element" library="SeleniumLibrary">
<arg>xpath=//span[contains(text(),'Home')]</arg>
<doc>Click the element identified by ``locator``.</doc>
<msg timestamp="20220512 11:09:50.227" level="INFO">Clicking element 'xpath=//span[contains(text(),'Home')]'.</msg>
<status status="PASS" starttime="20220512 11:09:50.226" endtime="20220512 11:09:51.375"/>
</kw>
<kw name="Click Element" library="SeleniumLibrary">
<arg>xpath=(//span[contains(text(),'Contact Us')])[1]</arg>
<doc>Click the element identified by ``locator``.</doc>
<msg timestamp="20220512 11:09:51.377" level="INFO">Clicking element 'xpath=(//span[contains(text(),'Contact Us')])[1]'.</msg>
<status status="PASS" starttime="20220512 11:09:51.376" endtime="20220512 11:09:55.788"/>
</kw>
<kw name="Page Should Contain" library="SeleniumLibrary">
<arg>Contact Us</arg>
<doc>Verifies that current page contains ``text``.</doc>
<msg timestamp="20220512 11:09:55.936" level="INFO">Current page contains text 'Contact Us'.</msg>
<status status="PASS" starttime="20220512 11:09:55.799" endtime="20220512 11:09:55.936"/>
</kw>
<kw name="Input Text" library="SeleniumLibrary">
<arg>id=telephone</arg>
<arg>123456789</arg>
<doc>Types the given ``text`` into the text field identified by ``locator``.</doc>
<msg timestamp="20220512 11:09:55.961" level="INFO">Typing text '123456789' into text field 'id=telephone'.</msg>
<status status="PASS" starttime="20220512 11:09:55.960" endtime="20220512 11:09:56.179"/>
</kw>
<kw name="Input Text" library="SeleniumLibrary">
<arg>id=comment</arg>
<arg>the products are good</arg>
<doc>Types the given ``text`` into the text field identified by ``locator``.</doc>
<msg timestamp="20220512 11:09:56.180" level="INFO">Typing text 'the products are good' into text field 'id=comment'.</msg>
<status status="PASS" starttime="20220512 11:09:56.180" endtime="20220512 11:09:56.353"/>
</kw>
<kw name="Click Element" library="SeleniumLibrary">
<arg>xpath=(//button[@type='submit'])[2]</arg>
<doc>Click the element identified by ``locator``.</doc>
<msg timestamp="20220512 11:09:56.354" level="INFO">Clicking element 'xpath=(//button[@type='submit'])[2]'.</msg>
<status status="PASS" starttime="20220512 11:09:56.354" endtime="20220512 11:09:56.474"/>
</kw>
<kw name="Element Text Should Be" library="SeleniumLibrary">
<arg>xpath=//div[contains(text(),'Thanks for contacting')]</arg>
<arg>Thanks for contacting us with your comments and questions. We'll respond to you very soon.</arg>
<doc>Verifies that element ``locator`` contains exact the text ``expected``.</doc>
<msg timestamp="20220512 11:09:56.476" level="INFO">Verifying element 'xpath=//div[contains(text(),'Thanks for contacting')]' contains exact text 'Thanks for contacting us with your comments and questions. We'll respond to you very soon.'.</msg>
<status status="PASS" starttime="20220512 11:09:56.475" endtime="20220512 11:10:06.302"/>
</kw>
<kw name="Close Browser" library="SeleniumLibrary" type="TEARDOWN">
<doc>Closes the current browser.</doc>
<status status="PASS" starttime="20220512 11:10:06.304" endtime="20220512 11:10:09.055"/>
</kw>
<status status="PASS" starttime="20220512 11:09:36.787" endtime="20220512 11:10:09.055"/>
</test>
<doc>thise suite will handle Invalid credential</doc>
<status status="PASS" starttime="20220512 11:09:36.318" endtime="20220512 11:10:09.055"/>
</suite>
<statistics>
<total>
<stat pass="1" fail="0" skip="0">All Tests</stat>
</total>
<tag>
</tag>
<suite>
<stat pass="1" fail="0" skip="0" id="s1" name="Verify Contactus">Verify Contactus</stat>
</suite>
</statistics>
<errors>
</errors>
</robot>
